STOP! Sand started flowing onto bottom
................................................+.........
..........................................................
..........................................................
..........................................................
..........................................................
..........................................................
..........................................................
................................................*.........
...............................................***........
..............................................*****.......
.............................................*******......
............................................*********.....
...........................................***********....
..........................................**********#*#...
.........................................***********#*#...
........................................************#*#...
.......................................***#*****#***#*#...
......................................#***#*#***#***#*#...
......................................#*#*#*#***#***#*#...
......................................#*#*#*#*#*#***#*#...
......................................#*#*#*#*#*#*#*#*#...
......................................#*#*#*#*#*#*#*#*#.#.
......................................#*#*#*#*#*#*#*#*#.#.
......................................###################.
.....................................*....................
....................................***...................
...................................#####..................
..................................*.......................
.................................***......................
................................#####.#####...............
...............................*..........................
..............................***.........................
.............................#####.#####.#####............
............................*.............................
...........................***............................
..........................#####.#####.#####.#####.........
........................**................................
.......................****...............................
......................*#####.#####.#####.#####.#####......
.....................***..................................
....................*****.................................
...................*#****#................................
..................**#****#................................
.................***#****#................................
................****#****#................................
...............**####****###..............................
..............***#..******.#..............................
.............****#.********#..............................
............*****###########..............................
...........*******........................................
..........*********.......................................
.........****######*......................................
........******....***.....................................
.......***######.######....**.............................
......*****...............****............................
.....**######.######.######****...........................
....****..................******..........................
...*######.######.######.######**.........................
..***.........................****........................
.######.######.######.######.######.......................
...................................*......................
..................................***.....................
.................................#####....................
................................*.........................
...............................***........................
..............................#####.#####.................
.............................*............................
............................***...........................
...........................#####.#####.#####..............
..........................*...............................
.........................***..............................
........................#####.#####.#####.#####...........
.......................*..................................
......................***.................................
.....................#****................................
.....................########.............................
...................**.....................................
............#.....***#....................................
............##########....................................
..........................................................
..........................................................
.....................**...................................
....................****..................................
...................******.................................
...............#..*******#................................
...............#.#*******#*...............................
...............#.#*******#**..............................
...............#.#*******#***.............................
...............#.#*#*#*#*#***#............................
...............#.#*#*#*#*#***#............................
.............#.#.#*#*#*#*#*#*#............................
.............#################............................
..........................................................
..........................................................
..........................................................
.............................**...........................
............................#***..........................
............................#*#*#.........................
............................#*#*#.........................
............................#*#*#.........................
............................#*#*#.........................
............................#*#*#.........................
............................#*#*#.........................
..........................#.#*#*#.........................
..........................#######.........................
..........................................................
................................**........................
...............................#**#.......................
...............................#**#.......................
...............................#**#.......................
........................########**##......................
........................#......****#......................
........................#.....*****#......................
........................############......................
..........................................................
..........................................................
....................................*.....................
...................................***....................
..................................*****#..................
.................................#######..................
................................*.........................
...............................***........................
..............................#####.......................
.............................*............................
............................***...........................
...........................#####.#####....................
.........................**...............................
........................****..............................
.......................*#####.#####.#####.................
......................***.................................
.....................*****................................
....................#***#**.**............................
....................#***#******...........................
....................#***#*******..........................
..............#######***#########.........................
..............#.....*****.......#.........................
..............#....*******......#.........................
..............#...*********.....#.........................
..............#..***********....#.........................
..............#.*************...#.........................
..............#***************..#.........................
..............###################*........................
................................***.......................
...............................*****......................
..............................#*****#.....................
..............................#*****#.....................
..............................#*****#*....................
............................###*****##*...................
............................#.*******#**..................
............................#********#***.................
............................#********#****................
............................#********#*****...............
............................#********#******..............
............................##########*******.............
.....................................*********............
....................................**********#...........
.................................##############...........
..........................................................
..............................................**..........
..........................................#..****.........
..........................................#.******........
..........................................#*******#.......
..........................................#*******#.......
..........................................#*******#.......
..........................................#*******#.......
..........................................#*******#.......
..........................................#***#***#.......
..........................................#*#*#*#*#.......
..........................................#*#*#*#*#.......
..........................................#########.......
..........................................................
..........................................................

Grains of sand produced:  728
